app/build/intermediates/manifest_merge_blame_file/release/manifest-merger-blame-release-report.txt
1<?xml version="1.0" encoding="utf-8"?>
2<manifest xmlns:android="http://schemas.android.com/apk/res/android"
3    package="com.primal.notenrechner"
4    android:versionCode="2"
5    android:versionName="1.1" >
6
7    <uses-sdk
8        android:minSdkVersion="15"
8-->src/main/AndroidManifest.xml
9        android:targetSdkVersion="29" />
9-->src/main/AndroidManifest.xml
10
11    <!-- Include required permissions for Google Mobile Ads to run -->
12    <uses-permission android:name="android.permission.INTERNET" />
12-->[com.google.android.gms:play-services-ads-lite:18.2.0] AndroidManifest.xml:23:5-67
12-->[com.google.android.gms:play-services-ads-lite:18.2.0] AndroidManifest.xml:23:22-64
13    <uses-permission android:name="android.permission.ACCESS_NETWORK_STATE" />
13-->[com.google.android.gms:play-services-ads-lite:18.2.0] AndroidManifest.xml:24:5-79
13-->[com.google.android.gms:play-services-ads-lite:18.2.0] AndroidManifest.xml:24:22-76
14    <uses-permission android:name="android.permission.WAKE_LOCK" />
14-->[com.google.android.gms:play-services-measurement:17.0.0] AndroidManifest.xml:25:5-68
14-->[com.google.android.gms:play-services-measurement:17.0.0] AndroidManifest.xml:25:22-65
15    <uses-permission android:name="com.google.android.finsky.permission.BIND_GET_INSTALL_REFERRER_SERVICE" />
15-->[com.google.android.gms:play-services-measurement:17.0.0] AndroidManifest.xml:26:5-110
15-->[com.google.android.gms:play-services-measurement:17.0.0] AndroidManifest.xml:26:22-107
16
17    <application
17-->src/main/AndroidManifest.xml:5:5-26:19
18        android:allowBackup="true"
18-->src/main/AndroidManifest.xml:6:9-35
19        android:appComponentFactory="androidx.core.app.CoreComponentFactory"
19-->[androidx.core:core:1.0.1] AndroidManifest.xml:22:18-86
20        android:icon="@mipmap/ic_launcher"
20-->src/main/AndroidManifest.xml:7:9-43
21        android:label="@string/app_name"
21-->src/main/AndroidManifest.xml:8:9-41
22        android:roundIcon="@mipmap/ic_launcher_round"
22-->src/main/AndroidManifest.xml:9:9-54
23        android:supportsRtl="true"
23-->src/main/AndroidManifest.xml:10:9-35
24        android:theme="@style/AppTheme"
24-->src/main/AndroidManifest.xml:12:9-40
25        android:windowSoftInputMode="adjustResize" >
25-->src/main/AndroidManifest.xml:11:9-51
26        <activity android:name="com.primal.notenrechner.MainActivity" >
26-->src/main/AndroidManifest.xml:13:9-19:20
26-->src/main/AndroidManifest.xml:13:19-70
27            <intent-filter>
27-->src/main/AndroidManifest.xml:14:13-18:29
28                <action android:name="android.intent.action.MAIN" />
28-->src/main/AndroidManifest.xml:15:17-69
28-->src/main/AndroidManifest.xml:15:25-66
29
30                <category android:name="android.intent.category.LAUNCHER" />
30-->src/main/AndroidManifest.xml:17:17-77
30-->src/main/AndroidManifest.xml:17:27-74
31            </intent-filter>
32        </activity>
33
34        <!-- Sample AdMob App ID: ca-app-pub-3940256099942544~3347511713 -->
35        <meta-data
35-->src/main/AndroidManifest.xml:22:9-24:69
36            android:name="com.google.android.gms.ads.APPLICATION_ID"
36-->src/main/AndroidManifest.xml:23:13-69
37            android:value="ca-app-pub-5197619083407893~3324731838" />
37-->src/main/AndroidManifest.xml:24:13-67
38
39        <!-- Include the AdActivity and InAppPurchaseActivity configChanges and themes. -->
40        <activity
40-->[com.google.android.gms:play-services-ads-lite:18.2.0] AndroidManifest.xml:29:9-33:64
41            android:name="com.google.android.gms.ads.AdActivity"
41-->[com.google.android.gms:play-services-ads-lite:18.2.0] AndroidManifest.xml:30:13-65
42            android:configChanges="keyboard|keyboardHidden|orientation|screenLayout|uiMode|screenSize|smallestScreenSize"
42-->[com.google.android.gms:play-services-ads-lite:18.2.0] AndroidManifest.xml:31:13-122
43            android:exported="false"
43-->[com.google.android.gms:play-services-ads-lite:18.2.0] AndroidManifest.xml:32:13-37
44            android:theme="@android:style/Theme.Translucent" />
44-->[com.google.android.gms:play-services-ads-lite:18.2.0] AndroidManifest.xml:33:13-61
45
46        <provider
46-->[com.google.android.gms:play-services-ads-lite:18.2.0] AndroidManifest.xml:35:9-39:39
47            android:name="com.google.android.gms.ads.MobileAdsInitProvider"
47-->[com.google.android.gms:play-services-ads-lite:18.2.0] AndroidManifest.xml:36:13-76
48            android:authorities="com.primal.notenrechner.mobileadsinitprovider"
48-->[com.google.android.gms:play-services-ads-lite:18.2.0] AndroidManifest.xml:37:13-73
49            android:exported="false"
49-->[com.google.android.gms:play-services-ads-lite:18.2.0] AndroidManifest.xml:38:13-37
50            android:initOrder="100" />
50-->[com.google.android.gms:play-services-ads-lite:18.2.0] AndroidManifest.xml:39:13-36
51
52        <receiver
52-->[com.google.android.gms:play-services-measurement:17.0.0] AndroidManifest.xml:29:9-33:20
53            android:name="com.google.android.gms.measurement.AppMeasurementReceiver"
53-->[com.google.android.gms:play-services-measurement:17.0.0] AndroidManifest.xml:30:13-85
54            android:enabled="true"
54-->[com.google.android.gms:play-services-measurement:17.0.0] AndroidManifest.xml:31:13-35
55            android:exported="false" >
55-->[com.google.android.gms:play-services-measurement:17.0.0] AndroidManifest.xml:32:13-37
56        </receiver>
57        <receiver
57-->[com.google.android.gms:play-services-measurement:17.0.0] AndroidManifest.xml:34:9-42:20
58            android:name="com.google.android.gms.measurement.AppMeasurementInstallReferrerReceiver"
58-->[com.google.android.gms:play-services-measurement:17.0.0] AndroidManifest.xml:35:13-100
59            android:enabled="true"
59-->[com.google.android.gms:play-services-measurement:17.0.0] AndroidManifest.xml:36:13-35
60            android:exported="true"
60-->[com.google.android.gms:play-services-measurement:17.0.0] AndroidManifest.xml:37:13-36
61            android:permission="android.permission.INSTALL_PACKAGES" >
61-->[com.google.android.gms:play-services-measurement:17.0.0] AndroidManifest.xml:38:13-69
62            <intent-filter>
62-->[com.google.android.gms:play-services-measurement:17.0.0] AndroidManifest.xml:39:13-41:29
63                <action android:name="com.android.vending.INSTALL_REFERRER" />
63-->[com.google.android.gms:play-services-measurement:17.0.0] AndroidManifest.xml:40:17-79
63-->[com.google.android.gms:play-services-measurement:17.0.0] AndroidManifest.xml:40:25-76
64            </intent-filter>
65        </receiver>
66
67        <service
67-->[com.google.android.gms:play-services-measurement:17.0.0] AndroidManifest.xml:44:9-47:40
68            android:name="com.google.android.gms.measurement.AppMeasurementService"
68-->[com.google.android.gms:play-services-measurement:17.0.0] AndroidManifest.xml:45:13-84
69            android:enabled="true"
69-->[com.google.android.gms:play-services-measurement:17.0.0] AndroidManifest.xml:46:13-35
70            android:exported="false" />
70-->[com.google.android.gms:play-services-measurement:17.0.0] AndroidManifest.xml:47:13-37
71        <service
71-->[com.google.android.gms:play-services-measurement:17.0.0] AndroidManifest.xml:48:9-52:72
72            android:name="com.google.android.gms.measurement.AppMeasurementJobService"
72-->[com.google.android.gms:play-services-measurement:17.0.0] AndroidManifest.xml:49:13-87
73            android:enabled="true"
73-->[com.google.android.gms:play-services-measurement:17.0.0] AndroidManifest.xml:50:13-35
74            android:exported="false"
74-->[com.google.android.gms:play-services-measurement:17.0.0] AndroidManifest.xml:51:13-37
75            android:permission="android.permission.BIND_JOB_SERVICE" />
75-->[com.google.android.gms:play-services-measurement:17.0.0] AndroidManifest.xml:52:13-69
76
77        <meta-data
77-->[com.google.android.gms:play-services-basement:17.0.0] AndroidManifest.xml:23:9-25:69
78            android:name="com.google.android.gms.version"
78-->[com.google.android.gms:play-services-basement:17.0.0] AndroidManifest.xml:24:13-58
79            android:value="@integer/google_play_services_version" />
79-->[com.google.android.gms:play-services-basement:17.0.0] AndroidManifest.xml:25:13-66
80    </application>
81
82</manifest>